runcation nervus forepast revolution pentine maxim turnoff infants lichened yuzus timefuse cutout polyuria grilses draftox coalblack greatborn Muscogee wideband huddle oogle broomer prairies ilian offset stoble wheatberry silicon agistments almshouse passcards tutelar urethritic megahero destinate undramatic miticides stinkbugs Massorete husbandman wintrier yokeline fibrates stips holodeck tipuana embittered perfusive dollying decouples usant tholoi Carazo flourless wolfer metre blackdye lionfish thereagain Marah festuca bookhouses aliens bewitch chargeback colocynth retexture begynnynge hambone toper unbribable foreshores trikini montages Astaire torsions boomah kempy jaborandi backpay palatial Margery erysipelas construed medicine inurns baken turbid fason Lipetsk haligi cloaca ungroomed triforium quakerlike conceiv Simferopol tuneful ephas multifaith runcation
100
runcation runcation
nervus nervus
forepast forepast
revolution revolution
pentine pentine
maxim maxim
turnoff turnoff
infants infants
lichened lichened
yuzus yuzus
timefuse timefuse
cutout cutout
polyuria polyuria
grilses grilses
draftox draftox
coalblack coalblack
greatborn greatborn
Muscogee Muscogee
wideband wideband
huddle huddle
oogle oogle
broomer broomer
prairies prairies
ilian ilian
offset offset
stoble stoble
wheatberry wheatberry
silicon silicon
agistments agistments
almshouse almshouse
passcards passcards
tutelar tutelar
urethritic urethritic
megahero megahero
destinate destinate
undramatic undramatic
miticides miticides
stinkbugs stinkbugs
Massorete Massorete
husbandman husbandman
wintrier wintrier
yokeline yokeline
fibrates fibrates
stips stips
holodeck holodeck
tipuana tipuana
embittered embittered
perfusive perfusive
dollying dollying
decouples decouples
usant usant
tholoi tholoi
Carazo Carazo
flourless flourless
wolfer wolfer
metre metre
blackdye blackdye
lionfish lionfish
thereagain thereagain
Marah Marah
festuca festuca
bookhouses bookhouses
aliens aliens
bewitch bewitch
chargeback chargeback
colocynth colocynth
retexture retexture
begynnynge begynnynge
hambone hambone
toper toper
unbribable unbribable
foreshores foreshores
trikini trikini
montages montages
Astaire Astaire
torsions torsions
boomah boomah
kempy kempy
jaborandi jaborandi
backpay backpay
palatial palatial
Margery Margery
erysipelas erysipelas
construed construed
medicine medicine
inurns inurns
baken baken
turbid turbid
fason fason
Lipetsk Lipetsk
haligi haligi
cloaca cloaca
ungroomed ungroomed
triforium triforium
quakerlike quakerlike
conceiv conceiv
Simferopol Simferopol
tuneful tuneful
ephas ephas
multifaith multifaith
