shaird remissio Lafayette coldcocked waste preparable guilts peasantism morphe opacular effuses nauseously intrado sarcomere tunic nomination advances kartikeya twothirds aftertouch transflux Pentecost beermakers caouane tokenizing philomels UncleNed toggleable deductable cementite macedoine slatting colugos Ucayali fivepenny scratch trackbar airgap property baning unglove diruption shrow Sahara lasting irade assonantal teabags cacomistle rampup shaird
50
shaird shaird
remissio remissio
Lafayette Lafayette
coldcocked coldcocked
waste waste
preparable preparable
guilts guilts
peasantism peasantism
morphe morphe
opacular opacular
effuses effuses
nauseously nauseously
intrado intrado
sarcomere sarcomere
tunic tunic
nomination nomination
advances advances
kartikeya kartikeya
twothirds twothirds
aftertouch aftertouch
transflux transflux
Pentecost Pentecost
beermakers beermakers
caouane caouane
tokenizing tokenizing
philomels philomels
UncleNed UncleNed
toggleable toggleable
deductable deductable
cementite cementite
macedoine macedoine
slatting slatting
colugos colugos
Ucayali Ucayali
fivepenny fivepenny
scratch scratch
trackbar trackbar
airgap airgap
property property
baning baning
unglove unglove
diruption diruption
shrow shrow
Sahara Sahara
lasting lasting
irade irade
assonantal assonantal
teabags teabags
cacomistle cacomistle
rampup rampup
