liverance oversleeps handballer coulde moderatrix wellbores tortillons kamencheh refortify shutter catabolism hypanthium asterisk studiously bywoners jitterbugs lethiferal pontage hatrail achieve tightening otate Akkub pallia metamere liverance
25
liverance liverance
oversleeps oversleeps
handballer handballer
coulde coulde
moderatrix moderatrix
wellbores wellbores
tortillons tortillons
kamencheh kamencheh
refortify refortify
shutter shutter
catabolism catabolism
hypanthium hypanthium
asterisk asterisk
studiously studiously
bywoners bywoners
jitterbugs jitterbugs
lethiferal lethiferal
pontage pontage
hatrail hatrail
achieve achieve
tightening tightening
otate otate
Akkub Akkub
pallia pallia
metamere metamere
