39 0 198 197 195 194 193 192 191 183 182 180 179 178 177 176 174 173 169 163 161 160 158 157 156 154 152 151 150 149 148 147 140 139 135 133 130 129 126 123 119 118 116 115 114 113 112 111 110 109 108 107 103 100 99 97 96 94 93 91 89 88 84 83 81 80 78 77 76 75 74 70 63 59 56 55 54 51 49 48 46 44 43 42 41 36 31 30 28 27 23 22 20 17 16 13 12 11 6 4 3 39
100
0 0
198 198
197 197
195 195
194 194
193 193
192 192
191 191
183 183
182 182
180 180
179 179
178 178
177 177
176 176
174 174
173 173
169 169
163 163
161 161
160 160
158 158
157 157
156 156
154 154
152 152
151 151
150 150
149 149
148 148
147 147
140 140
139 139
135 135
133 133
130 130
129 129
126 126
123 123
119 119
118 118
116 116
115 115
114 114
113 113
112 112
111 111
110 110
109 109
108 108
107 107
103 103
100 100
99 99
97 97
96 96
94 94
93 93
91 91
89 89
88 88
84 84
83 83
81 81
80 80
78 78
77 77
76 76
75 75
74 74
70 70
63 63
59 59
56 56
55 55
54 54
51 51
49 49
48 48
46 46
44 44
43 43
42 42
41 41
36 36
31 31
30 30
28 28
27 27
23 23
22 22
20 20
17 17
16 16
13 13
12 12
11 11
6 6
4 4
3 3
