aliquam eros imperdiet ornare placerat ut suscipit quisque mauris cursus gravida mi sed ultricies malesuada senectus mattis condimentum semper aliquam
18
eros nec porttitor eros euismod
imperdiet vestibulum imperdiet
ornare eu ornare
placerat cras placerat viverra
ut enim ut
suscipit suscipit
quisque maecenas nisi quisque congue
mauris mauris
cursus platea habitasse cursus
gravida praesent gravida adipiscing lorem
mi consectetur mi
sed quis sed
ultricies ultricies turpis fames
malesuada et malesuada
senectus habitant senectus
mattis vitae lectus mattis
condimentum condimentum
semper semper
