KMZ NSY WDN XNM GJW MMI MWN HPL KBZ YWR EVY HSN VTA JTH XFP HTU PWL WZI COR CSI YET FYE BTR YQU LRF KMZ
24
NSY NSY HON
WDN NYW WDN XYT RHL
XNM OUR PSZ XNM
GJW YEC GJW
MMI EKW MMI GAZ
MWN KDH VZI MWN CDW DEW HDY KDF
HPL HPL
KBZ KBZ VSQ RWN
YWR WXC ENU YWR YGM WPB EFO GVH MQG XNH
EVY VNH QUS EVY XWZ MWC PKG FBZ
HSN NDM HSN
VTA QOE VTA XPB
JTH AFO JTH BVP IKT
XFP XFP KNQ UAO WYK
HTU HTU HTV GJK XXL BUN
PWL ZES PWL HGZ KQK BWL
WZI LCB FZZ WZI VIF KDO OBR IYC KAL
COR ZUA COR URI CEA GEV NLD
CSI YFA CSI DGD MBM RDP WVO
YET ZCR YET SZK DZY KVT IEN
FYE TFL EXX FYE
BTR BTR
YQU WDE YQU ACK
LRF GMG LRF
