stop0 stop86 stop82 stop84 stop74 stop96 stop92 stop69 stop67 stop58 stop56 stop54 stop45 stop40 stop36 stop28 stop23 stop22 stop21 stop20 stop9 stop8 stop7 stop0 stop3 stop0
23
stop86 stop86
stop82 stop75 stop82
stop84 stop80 stop84
stop74 stop87 stop74 stop85 stop97
stop96 stop79 stop96
stop92 stop92
stop69 stop69
stop67 stop68 stop67 stop66 stop65 stop62
stop58 stop58
stop56 stop56
stop54 stop55 stop54 stop53 stop51
stop45 stop48 stop46 stop45
stop40 stop42 stop40
stop36 stop36 stop35 stop33
stop28 stop30 stop28 stop26
stop23 stop24 stop23
stop22 stop22
stop21 stop21
stop20 stop20 stop19 stop17 stop14
stop9 stop13 stop9
stop8 stop8
stop7 stop7
stop3 stop3
