Soda Cory Dwinelle HearstMiningCircle Giannini GreekTheatre LifeSciences Jacobs KrutchTheater Hildebrand MLK Moses Senior SproulPlaza Stern Wheeler Campbell Gilman Hertz LeConte MemorialStadium NorthGate Simon Stanley Pitzer Boalt Soda
24
Cory Boalt Cheit Cory
Dwinelle Dwinelle
HearstMiningCircle Etcheverry HearstMiningCircle
Giannini Giannini
GreekTheatre Haste GreekTheatre
LifeSciences LifeSciences
Jacobs McLaughlin Jacobs
KrutchTheater KrutchTheater
Hildebrand Hildebrand
MLK Observatory MLK
Moses Moses
Senior Senior
SproulPlaza SproulPlaza
Stern VLSB Stern
Wheeler BarkerHall Wheeler
Campbell Bowles Campbell Blackwell ClarkKerr Foothill
Gilman DoeLibrary Gilman EdwardsStadium HaasPavilion
Hertz HearstFieldAnnex Insectary Hertz McCone
LeConte Koshland LeConte
MemorialStadium Morgan MemorialStadium
NorthGate NorthGate
Simon Simon
Stanley Stanley
Pitzer Pitzer
