Soda Zellerbach1 Warren1 Observatory1 KrutchTheater1 Hildebrand1 Jacobs1 LifeSciences1 GreekTheatre1 Etcheverry1 Giannini1 Dwinelle1 CalvinLaboratory1 Bechtel1 Zellerbach Boalt1 WestGate TangCenter SutardjaDai Sproul Mulford SatherGate Morrison MemorialGlade Minor McEnerney LowerSproul Lewis IshiCourt Kroeber Hilgard EastGate Durant HeatingPlant Davis Haviland Campanile Chou Hargrove CaliforniaHall Giauque Blum FoxCottage BarrowsHall Birge Evans Eshleman Wellman Simon Morgan Koshland Insectary EdwardsStadium DoeLibrary Foothill ClarkKerr Soda
55
Zellerbach1 Bechtel Zellerbach1
Warren1 WooHonFai1 Warren1 TangCenter1 Stephens1
Observatory1 WestGate1 SutardjaDai1 Observatory1 MLK1
KrutchTheater1 Moses1 KrutchTheater1
Hildebrand1 Hildebrand1
Jacobs1 Jacobs1
LifeSciences1 McLaughlin1 LifeSciences1 HearstMiningCircle1
GreekTheatre1 Haste1 GreekTheatre1
Etcheverry1 Etcheverry1
Giannini1 Giannini1
Dwinelle1 Dwinelle1
CalvinLaboratory1 Cory1 CalvinLaboratory1
Bechtel1 Cheit1 Bechtel1
Zellerbach Zellerbach
Boalt1 Boalt1
WestGate Soda1 WestGate WooHonFai
TangCenter Warren TangCenter
SutardjaDai SutardjaDai
Sproul Stephens Sproul
Mulford StadiumRim Mulford
SatherGate Sibley SatherGate Pimentel
Morrison OBrien Morrison
MemorialGlade Moffitt MemorialGlade
Minor Minor
McEnerney McEnerney
LowerSproul LowerSproul
Lewis Lewis
IshiCourt Latimer IshiCourt
Kroeber Kroeber
Hilgard Kleeberger Hilgard
EastGate EastGate
Durant Durant
HeatingPlant BancroftLibrary HeatingPlant
Davis Hesse Davis
Haviland Cleary Haviland
Campanile Campanile
Chou HearstGymnasium Chou
Hargrove Hargrove
CaliforniaHall Chvez CaliforniaHall
Giauque Greenhouse Giauque
Blum Blum
FoxCottage GoldmanPlaza FoxCottage
BarrowsHall BotanicalGarden BarrowsHall
Birge Birge
Evans Evans
Eshleman Eshleman
Wellman Wurster Wellman Tan
Simon Pitzer Stanley Simon NorthGate
Morgan MemorialStadium Morgan
Koshland LeConte Koshland McCone
Insectary Hertz Insectary HearstFieldAnnex
EdwardsStadium HaasPavilion EdwardsStadium
DoeLibrary Gilman DoeLibrary
Foothill Foothill
ClarkKerr ClarkKerr
