Soda maya connor chen amanda ani zhou patagonia gregory ashley brett sunny doshi hanlon nichole tyler erika bears singhal angelis kanika daniel rob Soda
22
maya li maya
connor connor eshaan liang adhikiari
chen gobears chen
amanda mittal amanda djajadi kaur yip lebron
ani ahluwalia ani aanika ravi
zhou olivia zhou king
patagonia logan patagonia
gregory rouzbahani gregory
ashley berit ashley caroline massachusetts ellen winifred greg emily hari singorahardjo wyatt
brett devesh brett
sunny parham sunny
doshi chloe doshi alvin charles celine oscar zou soman
hanlon franco hanlon
nichole ohio nichole william lewke
tyler andrew tyler weaver xin
erika annie erika barth zhifei srinivasan cal
bears mack bears scott krishnan
singhal wu singhal
angelis saurav angelis vilaythong subbaraj sophia danyal evan kevin ruhi ritter du chung srivastava sun maniku wong shah ishaan grace jacob
kanika umar kanika krista melissa vikram george chase
daniel daniel
rob rob
