Qatar America VaticanCity Indonesia Estonia Mongolia Armenia Albania Mali UnitedKingdom Guyana Gabon Australia Mozambique Tajikistan Morocco Liberia CostaRica Belgium Qatar
18
Qatar Singapore
America America
VaticanCity Netherlands VaticanCity
Estonia Malta Estonia
Mongolia Mongolia
Armenia Armenia Kyrgyzstan DemofChina Egypt France
Albania Andorra Nicaragua Albania SierraLeone Sweden Haiti
Mali CzechRepublic Peru Mali
UnitedKingdom UnitedKingdom
Guyana Tanzania Tuvalu Guyana
Gabon UAE Gabon
Australia RussianFederation Australia
Mozambique Kosovo Mozambique
Tajikistan Senegal Tajikistan Burundi GuineaBissau Montenegro Lebanon Georgia Belarus
Morocco Angola Danzig Morocco Uzbekistan
Liberia SanMarino Macedonia Liberia Tunisia
CostaRica CostaRica
Belgium Belgium
