loc0 loc199 loc196 loc192 loc189 loc184 loc181 loc177 loc174 loc168 loc165 loc161 loc158 loc153 loc145 loc142 loc138 loc135 loc127 loc124 loc120 loc117 loc112 loc109 loc105 loc102 loc96 loc93 loc89 loc86 loc81 loc78 loc74 loc71 loc64 loc61 loc57 loc54 loc49 loc46 loc42 loc39 loc33 loc30 loc26 loc23 loc18 loc15 loc11 loc10 loc8 loc0
50
loc199 loc199
loc196 loc198 loc196 loc195
loc192 loc192
loc189 loc191 loc189 loc188
loc184 loc184
loc181 loc183 loc181 loc180
loc177 loc177
loc174 loc176 loc174 loc173
loc168 loc168
loc165 loc167 loc165 loc164
loc161 loc161
loc158 loc160 loc158 loc157
loc153 loc153 loc152 loc150 loc149
loc145 loc145
loc142 loc144 loc142 loc141
loc138 loc138
loc135 loc137 loc135 loc134
loc127 loc127
loc124 loc126 loc124 loc123
loc120 loc120
loc117 loc119 loc117 loc116
loc112 loc112
loc109 loc111 loc109 loc108
loc105 loc105
loc102 loc104 loc102 loc101
loc96 loc96
loc93 loc95 loc93 loc92
loc89 loc89
loc86 loc88 loc86 loc85
loc81 loc81
loc78 loc80 loc78 loc77
loc74 loc74
loc71 loc73 loc71 loc70
loc64 loc64
loc61 loc63 loc61 loc60
loc57 loc57
loc54 loc56 loc54 loc53
loc49 loc49
loc46 loc48 loc46 loc45
loc42 loc42
loc39 loc41 loc39 loc38
loc33 loc33
loc30 loc32 loc30 loc29
loc26 loc26
loc23 loc25 loc23 loc22
loc18 loc18
loc15 loc17 loc15 loc14
loc11 loc11
loc10 loc10
loc8 loc8
