yZx4F8OpIk5Ar2sBMJAx ixBQklcj47gZLpsoK0Z1 aUS8Ma4u9DWG5rGkGMu3 4vVzhXxSoe23m0D4crAQ MMuVzSLYdkYJSnZzYgpt xjrY90FEcI7klV7sjO39 hCu50otWd5xV17Ex0c3a k4TDiYyIyLOxd2S09stN p1HQ9bUXYQS3CJ4AN6us YXB7UTVLkwJ3CJcMVTzW u8Sh3uzUVF2pFMTdyMgE Z5A3tROaNW2mCwf9Mwns mhfSTNs1vGxIVkKDB1R9 2GGOgT8kgyBmX858M38j evP9W9Sp0JotOHAnvl9E u3rvHKE2Cknh2L20VX31 bSPdwFdSvkSaDMkIhhIm tg1w5Br4i5001iky5uAt Jl9fGpEEaLR4lmSJYVKz e6PVUjjd6ajldcTPycA6 c2xoK29xdkQaHgutY5NS coccrxCAACMV0GSxD2xc uwJup2WiLVChmnkelhR8 SxhNwhmBZW56skeskoXT brD3Sp7VWuo0VotesZDK sI5I68bj40h6dFM0JU7L a37twrOQlX8ckvFplsbJ iPYb45Axawv8d5E4ZUWT sYiNL7uSzhZbFuuuJ7Ov YCHj3zwS8C1T4iIu3mub MjcrC2MkSyccg6AM7KMW t3p35rQwuMfICpxwBTRV xfBJiQuas9xv3hIOUe8o oNRzekgjmcfhwbUnE9E5 73lJNME3ed7CVENNhT28 O3Hkka0xTn4TYlQWkSEt j8a5XYXH6AK0uHrNRime KdV5bt367BMwPhG3obI3 E0w68ygm8mlxdWmjUSMA TIQTzk08mTKB7r8LXluj 3Nm0UHOvSd34D8rM2yZH pyuAeTbcVcifrFis8Hjk 9RASC8iIlFoW2F9PoUXZ K5SbR7BNjzxCUkAdrGa5 1nX5xj0493ZNrFPUOVt9 OLNsB9xLMpVZMUaTLkU7 OX2sgS0EKma0KPRXo24b Ux0fPXy37kADOkMzDLQ2 BoPjxvlt26bTwBLbfnZh ylc14u4guzQsG1HGoIaW 3NlcmlomZH13bXyH9A3z yZx4F8OpIk5Ar2sBMJAx
50
ixBQklcj47gZLpsoK0Z1 ixBQklcj47gZLpsoK0Z1
aUS8Ma4u9DWG5rGkGMu3 aUS8Ma4u9DWG5rGkGMu3
4vVzhXxSoe23m0D4crAQ 4vVzhXxSoe23m0D4crAQ
MMuVzSLYdkYJSnZzYgpt MMuVzSLYdkYJSnZzYgpt
xjrY90FEcI7klV7sjO39 xjrY90FEcI7klV7sjO39
hCu50otWd5xV17Ex0c3a hCu50otWd5xV17Ex0c3a
k4TDiYyIyLOxd2S09stN k4TDiYyIyLOxd2S09stN
p1HQ9bUXYQS3CJ4AN6us p1HQ9bUXYQS3CJ4AN6us
YXB7UTVLkwJ3CJcMVTzW YXB7UTVLkwJ3CJcMVTzW
u8Sh3uzUVF2pFMTdyMgE u8Sh3uzUVF2pFMTdyMgE
Z5A3tROaNW2mCwf9Mwns Z5A3tROaNW2mCwf9Mwns
mhfSTNs1vGxIVkKDB1R9 mhfSTNs1vGxIVkKDB1R9
2GGOgT8kgyBmX858M38j 2GGOgT8kgyBmX858M38j
evP9W9Sp0JotOHAnvl9E evP9W9Sp0JotOHAnvl9E
u3rvHKE2Cknh2L20VX31 u3rvHKE2Cknh2L20VX31
bSPdwFdSvkSaDMkIhhIm bSPdwFdSvkSaDMkIhhIm
tg1w5Br4i5001iky5uAt tg1w5Br4i5001iky5uAt
Jl9fGpEEaLR4lmSJYVKz Jl9fGpEEaLR4lmSJYVKz
e6PVUjjd6ajldcTPycA6 e6PVUjjd6ajldcTPycA6
c2xoK29xdkQaHgutY5NS c2xoK29xdkQaHgutY5NS
coccrxCAACMV0GSxD2xc coccrxCAACMV0GSxD2xc
uwJup2WiLVChmnkelhR8 uwJup2WiLVChmnkelhR8
SxhNwhmBZW56skeskoXT SxhNwhmBZW56skeskoXT
brD3Sp7VWuo0VotesZDK brD3Sp7VWuo0VotesZDK
sI5I68bj40h6dFM0JU7L sI5I68bj40h6dFM0JU7L
a37twrOQlX8ckvFplsbJ a37twrOQlX8ckvFplsbJ
iPYb45Axawv8d5E4ZUWT iPYb45Axawv8d5E4ZUWT
sYiNL7uSzhZbFuuuJ7Ov sYiNL7uSzhZbFuuuJ7Ov
YCHj3zwS8C1T4iIu3mub YCHj3zwS8C1T4iIu3mub
MjcrC2MkSyccg6AM7KMW MjcrC2MkSyccg6AM7KMW
t3p35rQwuMfICpxwBTRV t3p35rQwuMfICpxwBTRV
xfBJiQuas9xv3hIOUe8o xfBJiQuas9xv3hIOUe8o
oNRzekgjmcfhwbUnE9E5 oNRzekgjmcfhwbUnE9E5
73lJNME3ed7CVENNhT28 73lJNME3ed7CVENNhT28
O3Hkka0xTn4TYlQWkSEt O3Hkka0xTn4TYlQWkSEt
j8a5XYXH6AK0uHrNRime j8a5XYXH6AK0uHrNRime
KdV5bt367BMwPhG3obI3 KdV5bt367BMwPhG3obI3
E0w68ygm8mlxdWmjUSMA E0w68ygm8mlxdWmjUSMA
TIQTzk08mTKB7r8LXluj TIQTzk08mTKB7r8LXluj
3Nm0UHOvSd34D8rM2yZH 3Nm0UHOvSd34D8rM2yZH
pyuAeTbcVcifrFis8Hjk pyuAeTbcVcifrFis8Hjk
9RASC8iIlFoW2F9PoUXZ 9RASC8iIlFoW2F9PoUXZ
K5SbR7BNjzxCUkAdrGa5 K5SbR7BNjzxCUkAdrGa5
1nX5xj0493ZNrFPUOVt9 1nX5xj0493ZNrFPUOVt9
OLNsB9xLMpVZMUaTLkU7 OLNsB9xLMpVZMUaTLkU7
OX2sgS0EKma0KPRXo24b OX2sgS0EKma0KPRXo24b
Ux0fPXy37kADOkMzDLQ2 Ux0fPXy37kADOkMzDLQ2
BoPjxvlt26bTwBLbfnZh BoPjxvlt26bTwBLbfnZh
ylc14u4guzQsG1HGoIaW ylc14u4guzQsG1HGoIaW
3NlcmlomZH13bXyH9A3z 3NlcmlomZH13bXyH9A3z
