PQlYD3syBoo7C0hcATPD xM3fh05um8j45RhdwKOx symCtAIG82LYD9Qs6FxZ ZOUAFthiVkWe23hp0746 Saezs03GHhWlgEusf2xb I3dKkMa3JUxVpADvWcmQ BHDRDstSlZtm71sWfOHB PRxK9WGPQn2vmuBbswLk KFbZubIZwxKjbFZIhivu MGPH1ZQv2OM6dRC07Rj5 PQlYD3syBoo7C0hcATPD upn88whXcmTNEpbLaMgR Hj9GXo6u0dDYfg4xoW2T y5HlDp3ZOU3fT35BihFS jN7FJhuhmTKkduIKGyBx 8kEed91vb76Fhm6ivuFw pGBevvfrXEYRwdy9Xa3h mMXK7rFRd7VNNboRtMKu iGcRn4eFfZI68Qr0MOgy Zd6upjEKdV6jHG9xKORy oRnkB9WX4h9Vz2XYe2Mz aAf4nv1B7ggfx0DjrAOi CtdShr26uGGV2W6zZTdS wpM05AhdMYgh3n4WvalH CE9MuYF6CpN99atuGjZ0 4EHOWDgXvpoSadcvvLu4 IuwSP1hfYZRam5iX6Sbk SWMrIKPuAQFTY7HmPty0 diWFyYW4KuKIAVWCVTOh 58PE6yTygndgQ75HC5PU 4yCDRp1k04Ch6IBU1p1H ouUk8HCXkT1xNHUSpktV 8BVD1mXIeFKDWXC0pHC5 NpHJpdHaoVuG1evDy4mD FE9d826a5RuYfSI6vEz4 AhTd32p44tQrgKLluTfO lP2ISUwXZ5Vr1Dbyi5b2 r52GhdJM3J6bC9RxltxZ zTPp43usagg8jQuMreHJ hQH0nHlpxkrlncu9buJt ikaH2IngBoan8x64dwnD mHciHIbodF92KWBlyZhd N4yrn0aLU6ELQucPFmw8 j0WhcaOOy1JCyHTrxCSk CQFH0bM5UHhxPATIQeaZ 0UIZ9YDhxr3ipBPf2WkK MmXiw0PdJXAsicjY4bml Mo6dK8I2XR9RUnPgLFfU h36zX7NC4P81W3KQD11u daYVb2kr83paGhJZJJyA dPunn27br1tTUelFVNIt XT2Ymi7YdhYVjSO57uvy XtcwDUG5TGpryRZKRvrm WuSb6mZA4Ht48gzyBwrs 29ZrssG8owPMWU0dtlEx JNypu0O2hxRmLxF04Zie tBx3RfPMJg4OhazCeTsa dcRmXZcpiyoLWuwR56cL WpDgsUZvfm1s3J1djPk6 pmpfdWSNFW4BZf3j9zey MnuekaeS1NiILcuuvn3o Kxk6VsPzNOhHpwuN2F67 1AmZo7yJ6YJzwrjZr6vX SJuQEhk6NZgb7Y1YXHxx LvHeBFyLyC9KHnAltZnF dRs9JullKCFwk8f9TP2C TRIzdQQDV9bs8k4M9U4X gByPZFfsA72SjYPmontO EWUzUZ9Yb7H9gHpK5NdI XfIhMNfCnUCbP8MIjhA8 IjoU40tEWMCkwd5SaIZC JWNjS0Xtxw6CDJbk4UbK oAwJ8ncZge95DCLogDfz aZ1gME9dgT1obQwN7kgz 2RLdpM4k7Le8vufDMuf4 e7HIMwL2s8LjuoIRxDl7 ajZwDYcDrAcHajKZpRul ul5TY5YtUVHURRbHo0xt 58LVuHISdldtYbuuEa4z 4ck2vdbl0wzRRSh9h5JI zOauzkXEQku3g7FmlO3i DLNj52Bf5LL4ZddWTcYY UWVA5dAu4wDF6Efl9d4O IBSvm7mZeG0vXjguUx8d 4xoBiS6HZ3COfmNv2aTR CeJalRL3KinyCQjl6tio lTNvRGBulC52xVXvXmmj rRx4ufuRfBzAjOzuQptQ m3uIZkevVRyscNPa6NkD C8l14blndt8uGQmGfPky iA0OPvpmSXnD5PmFrIY3 VjMruztOvYBB57sBtK7F c5B3yGaAxuGVYEd7DCc5 xUd3lWAackpOjTn98YBa egafCQ4ih9nCuFY3RBSk y5UFufU6hy8Zt47b4K3v BfkNC5T0oZOQYOkOg1Lr j1u2ybLPFsWda7RGIo6J yuNLI2bosn9XVMaJllU2 5wKsB6wx9H7PujNL03GN PQlYD3syBoo7C0hcATPD
99
xM3fh05um8j45RhdwKOx xM3fh05um8j45RhdwKOx
symCtAIG82LYD9Qs6FxZ symCtAIG82LYD9Qs6FxZ
ZOUAFthiVkWe23hp0746 ZOUAFthiVkWe23hp0746
Saezs03GHhWlgEusf2xb Saezs03GHhWlgEusf2xb
I3dKkMa3JUxVpADvWcmQ I3dKkMa3JUxVpADvWcmQ
BHDRDstSlZtm71sWfOHB BHDRDstSlZtm71sWfOHB
PRxK9WGPQn2vmuBbswLk PRxK9WGPQn2vmuBbswLk
KFbZubIZwxKjbFZIhivu KFbZubIZwxKjbFZIhivu
MGPH1ZQv2OM6dRC07Rj5 MGPH1ZQv2OM6dRC07Rj5
PQlYD3syBoo7C0hcATPD PQlYD3syBoo7C0hcATPD
upn88whXcmTNEpbLaMgR upn88whXcmTNEpbLaMgR
Hj9GXo6u0dDYfg4xoW2T Hj9GXo6u0dDYfg4xoW2T
y5HlDp3ZOU3fT35BihFS y5HlDp3ZOU3fT35BihFS
jN7FJhuhmTKkduIKGyBx jN7FJhuhmTKkduIKGyBx
8kEed91vb76Fhm6ivuFw 8kEed91vb76Fhm6ivuFw
pGBevvfrXEYRwdy9Xa3h pGBevvfrXEYRwdy9Xa3h
mMXK7rFRd7VNNboRtMKu mMXK7rFRd7VNNboRtMKu
iGcRn4eFfZI68Qr0MOgy iGcRn4eFfZI68Qr0MOgy
Zd6upjEKdV6jHG9xKORy Zd6upjEKdV6jHG9xKORy
oRnkB9WX4h9Vz2XYe2Mz oRnkB9WX4h9Vz2XYe2Mz
aAf4nv1B7ggfx0DjrAOi aAf4nv1B7ggfx0DjrAOi
CtdShr26uGGV2W6zZTdS CtdShr26uGGV2W6zZTdS
wpM05AhdMYgh3n4WvalH wpM05AhdMYgh3n4WvalH
CE9MuYF6CpN99atuGjZ0 CE9MuYF6CpN99atuGjZ0
4EHOWDgXvpoSadcvvLu4 4EHOWDgXvpoSadcvvLu4
IuwSP1hfYZRam5iX6Sbk IuwSP1hfYZRam5iX6Sbk
SWMrIKPuAQFTY7HmPty0 SWMrIKPuAQFTY7HmPty0
diWFyYW4KuKIAVWCVTOh diWFyYW4KuKIAVWCVTOh
58PE6yTygndgQ75HC5PU 58PE6yTygndgQ75HC5PU
4yCDRp1k04Ch6IBU1p1H 4yCDRp1k04Ch6IBU1p1H
ouUk8HCXkT1xNHUSpktV ouUk8HCXkT1xNHUSpktV
8BVD1mXIeFKDWXC0pHC5 8BVD1mXIeFKDWXC0pHC5
NpHJpdHaoVuG1evDy4mD NpHJpdHaoVuG1evDy4mD
FE9d826a5RuYfSI6vEz4 FE9d826a5RuYfSI6vEz4
AhTd32p44tQrgKLluTfO AhTd32p44tQrgKLluTfO
lP2ISUwXZ5Vr1Dbyi5b2 lP2ISUwXZ5Vr1Dbyi5b2
r52GhdJM3J6bC9RxltxZ r52GhdJM3J6bC9RxltxZ
zTPp43usagg8jQuMreHJ zTPp43usagg8jQuMreHJ
hQH0nHlpxkrlncu9buJt hQH0nHlpxkrlncu9buJt
ikaH2IngBoan8x64dwnD ikaH2IngBoan8x64dwnD
mHciHIbodF92KWBlyZhd mHciHIbodF92KWBlyZhd
N4yrn0aLU6ELQucPFmw8 N4yrn0aLU6ELQucPFmw8
j0WhcaOOy1JCyHTrxCSk j0WhcaOOy1JCyHTrxCSk
CQFH0bM5UHhxPATIQeaZ CQFH0bM5UHhxPATIQeaZ
0UIZ9YDhxr3ipBPf2WkK 0UIZ9YDhxr3ipBPf2WkK
MmXiw0PdJXAsicjY4bml MmXiw0PdJXAsicjY4bml
Mo6dK8I2XR9RUnPgLFfU Mo6dK8I2XR9RUnPgLFfU
h36zX7NC4P81W3KQD11u h36zX7NC4P81W3KQD11u
daYVb2kr83paGhJZJJyA daYVb2kr83paGhJZJJyA
dPunn27br1tTUelFVNIt dPunn27br1tTUelFVNIt
XT2Ymi7YdhYVjSO57uvy XT2Ymi7YdhYVjSO57uvy
XtcwDUG5TGpryRZKRvrm XtcwDUG5TGpryRZKRvrm
WuSb6mZA4Ht48gzyBwrs WuSb6mZA4Ht48gzyBwrs
29ZrssG8owPMWU0dtlEx 29ZrssG8owPMWU0dtlEx
JNypu0O2hxRmLxF04Zie JNypu0O2hxRmLxF04Zie
tBx3RfPMJg4OhazCeTsa tBx3RfPMJg4OhazCeTsa
dcRmXZcpiyoLWuwR56cL dcRmXZcpiyoLWuwR56cL
WpDgsUZvfm1s3J1djPk6 WpDgsUZvfm1s3J1djPk6
pmpfdWSNFW4BZf3j9zey pmpfdWSNFW4BZf3j9zey
MnuekaeS1NiILcuuvn3o MnuekaeS1NiILcuuvn3o
Kxk6VsPzNOhHpwuN2F67 Kxk6VsPzNOhHpwuN2F67
1AmZo7yJ6YJzwrjZr6vX 1AmZo7yJ6YJzwrjZr6vX
SJuQEhk6NZgb7Y1YXHxx SJuQEhk6NZgb7Y1YXHxx
LvHeBFyLyC9KHnAltZnF LvHeBFyLyC9KHnAltZnF
dRs9JullKCFwk8f9TP2C dRs9JullKCFwk8f9TP2C
TRIzdQQDV9bs8k4M9U4X TRIzdQQDV9bs8k4M9U4X
gByPZFfsA72SjYPmontO gByPZFfsA72SjYPmontO
EWUzUZ9Yb7H9gHpK5NdI EWUzUZ9Yb7H9gHpK5NdI
XfIhMNfCnUCbP8MIjhA8 XfIhMNfCnUCbP8MIjhA8
IjoU40tEWMCkwd5SaIZC IjoU40tEWMCkwd5SaIZC
JWNjS0Xtxw6CDJbk4UbK JWNjS0Xtxw6CDJbk4UbK
oAwJ8ncZge95DCLogDfz oAwJ8ncZge95DCLogDfz
aZ1gME9dgT1obQwN7kgz aZ1gME9dgT1obQwN7kgz
2RLdpM4k7Le8vufDMuf4 2RLdpM4k7Le8vufDMuf4
e7HIMwL2s8LjuoIRxDl7 e7HIMwL2s8LjuoIRxDl7
ajZwDYcDrAcHajKZpRul ajZwDYcDrAcHajKZpRul
ul5TY5YtUVHURRbHo0xt ul5TY5YtUVHURRbHo0xt
58LVuHISdldtYbuuEa4z 58LVuHISdldtYbuuEa4z
4ck2vdbl0wzRRSh9h5JI 4ck2vdbl0wzRRSh9h5JI
zOauzkXEQku3g7FmlO3i zOauzkXEQku3g7FmlO3i
DLNj52Bf5LL4ZddWTcYY DLNj52Bf5LL4ZddWTcYY
UWVA5dAu4wDF6Efl9d4O UWVA5dAu4wDF6Efl9d4O
IBSvm7mZeG0vXjguUx8d IBSvm7mZeG0vXjguUx8d
4xoBiS6HZ3COfmNv2aTR 4xoBiS6HZ3COfmNv2aTR
CeJalRL3KinyCQjl6tio CeJalRL3KinyCQjl6tio
lTNvRGBulC52xVXvXmmj lTNvRGBulC52xVXvXmmj
rRx4ufuRfBzAjOzuQptQ rRx4ufuRfBzAjOzuQptQ
m3uIZkevVRyscNPa6NkD m3uIZkevVRyscNPa6NkD
C8l14blndt8uGQmGfPky C8l14blndt8uGQmGfPky
iA0OPvpmSXnD5PmFrIY3 iA0OPvpmSXnD5PmFrIY3
VjMruztOvYBB57sBtK7F VjMruztOvYBB57sBtK7F
c5B3yGaAxuGVYEd7DCc5 c5B3yGaAxuGVYEd7DCc5
xUd3lWAackpOjTn98YBa xUd3lWAackpOjTn98YBa
egafCQ4ih9nCuFY3RBSk egafCQ4ih9nCuFY3RBSk
y5UFufU6hy8Zt47b4K3v y5UFufU6hy8Zt47b4K3v
BfkNC5T0oZOQYOkOg1Lr BfkNC5T0oZOQYOkOg1Lr
j1u2ybLPFsWda7RGIo6J j1u2ybLPFsWda7RGIo6J
yuNLI2bosn9XVMaJllU2 yuNLI2bosn9XVMaJllU2
5wKsB6wx9H7PujNL03GN 5wKsB6wx9H7PujNL03GN
