OYUinzd4zxVxIptSBcML 7sEAL87eVGtPRFGU7wZL 2LHGJx7lje13o5VgjaWa 29cQGjH4xgr2WjuBLLEb 5euTHFaulIyTMDOpAOiL paxbzGIrGUKuLL8gNR12 xtyNkgmQQDlFdBVfN1o5 ysFvkOBVEgTOFmcR2xc1 jVnJVrQfkUuQ5PfgtD65 4R5nKw333ATOizKdSrav 0rs0of9LUAzWTuABwTnG 5dLU2ihY8weFRtdH0NCX mSL1gwuFl7ezuWmYhoWX 6YPXen0OkUAjsBQbugH8 ugVnD0zzPxsfEn932v1t TOlchSnWWkR7rRWP9Cdc knZxc5ZrIrcQzv054Pss lM0uQphyVNPO90DR8P6A 0Y8GuXeRCg3UQ8iw3rJM n14fgY77RxYuy7mkbJU1 C4iWe9yR2mvfNmTv1Ujg 3SpSgYRcx99pESu1D9Wi dVfyZ8osOWlPeWeMnteY KRZBWx1Sd8wB0uU3QWeQ 2mMEW336zlvoabKQ0Mze OYUinzd4zxVxIptSBcML
24
7sEAL87eVGtPRFGU7wZL 7sEAL87eVGtPRFGU7wZL
2LHGJx7lje13o5VgjaWa 2LHGJx7lje13o5VgjaWa
29cQGjH4xgr2WjuBLLEb 29cQGjH4xgr2WjuBLLEb
5euTHFaulIyTMDOpAOiL 5euTHFaulIyTMDOpAOiL
paxbzGIrGUKuLL8gNR12 paxbzGIrGUKuLL8gNR12
xtyNkgmQQDlFdBVfN1o5 xtyNkgmQQDlFdBVfN1o5
ysFvkOBVEgTOFmcR2xc1 ysFvkOBVEgTOFmcR2xc1
jVnJVrQfkUuQ5PfgtD65 jVnJVrQfkUuQ5PfgtD65
4R5nKw333ATOizKdSrav 4R5nKw333ATOizKdSrav
0rs0of9LUAzWTuABwTnG 0rs0of9LUAzWTuABwTnG
5dLU2ihY8weFRtdH0NCX 5dLU2ihY8weFRtdH0NCX
mSL1gwuFl7ezuWmYhoWX mSL1gwuFl7ezuWmYhoWX
6YPXen0OkUAjsBQbugH8 6YPXen0OkUAjsBQbugH8
ugVnD0zzPxsfEn932v1t ugVnD0zzPxsfEn932v1t
TOlchSnWWkR7rRWP9Cdc TOlchSnWWkR7rRWP9Cdc
knZxc5ZrIrcQzv054Pss knZxc5ZrIrcQzv054Pss
lM0uQphyVNPO90DR8P6A lM0uQphyVNPO90DR8P6A
0Y8GuXeRCg3UQ8iw3rJM 0Y8GuXeRCg3UQ8iw3rJM
n14fgY77RxYuy7mkbJU1 n14fgY77RxYuy7mkbJU1
C4iWe9yR2mvfNmTv1Ujg C4iWe9yR2mvfNmTv1Ujg
3SpSgYRcx99pESu1D9Wi 3SpSgYRcx99pESu1D9Wi
dVfyZ8osOWlPeWeMnteY dVfyZ8osOWlPeWeMnteY
KRZBWx1Sd8wB0uU3QWeQ KRZBWx1Sd8wB0uU3QWeQ
2mMEW336zlvoabKQ0Mze 2mMEW336zlvoabKQ0Mze
