A0 A2 A1 A9 B5 B2 A4 B1 D1 B0 B7 B6 C2 C1 C5 C9 C8 C6 D5 D9 E3 D3 E6 E1 E7 E8 F0 F5 F8 F3 F6 F7 G0 G2 G9 H2 H3 H5 G6 H8 G1 H1 H9 I2 I3 I8 I5 I1 J0 J2 J9 J6 J8 K0 A0
53
A2 A8 A2
A1 A1
A9 A6 A9
B5 B5 A3
B2 B3 B2
A4 A7 A4
B1 B1
D1 B4 D1
B0 C4 B0
B7 B7
B6 C0 B6
C2 B8 C2
C1 C3 C1
C5 C7 C5
C9 D0 C9
C8 D7 C8
C6 B9 C6
D5 D2 D5
D9 E4 D9
E3 D4 E3
D3 D6 D3
E6 D8 E6
E1 E0 E1
E7 E2 E7
E8 F1 E8
F0 E5 F0
F5 E9 F5
F8 F2 F8
F3 F3
F6 F4 F6
F7 F7
G0 F9 G0
G2 G3 G2
G9 H0 G9
H2 G5 H2
H3 G8 H3
H5 G7 H5
G6 H4 G6
H8 G4 H8
G1 G1
H1 H7 H1
H9 H6 H9
I2 I0 I2
I3 I7 I3
I8 I4 I8
I5 I9 I5
I1 I6 I1
J0 J0 J3
J2 J2
J9 J4 J9 J1 J5
J6 J7 J6
J8 J8
K0 K0
