fab8g 5Ix1v f5Qx2 8PY0r 9u8oD g1WJz G91ym Flgse ciJ7c nScgp F7m3U RhMSo BWyM2 b4E7v fhc2k L54Jg 0YoJb P5ucv obqW1 x8KLa Lqz0g pesnn HPcVt nRTkO fab8g
21
5Ix1v 5Ix1v
f5Qx2 VUKiE f5Qx2
8PY0r 8PY0r
9u8oD 9u8oD l0HDP guI5B
g1WJz BybTG H6HgM g1WJz rzyrR cQMFl Gt2w1 RgC1Q 9ZatH 3XMfZ B3NSd mgHYN
G91ym Lqz0g G91ym bepE0 3FUsL ZlgGe yM9nQ 4GEPG
Flgse fab8g Flgse
ciJ7c ciJ7c Bw1D7 Vjk2Z
nScgp sF84c nScgp o4F0A
F7m3U cm8oa F7m3U cDkiZ HaHFT lJJK2
RhMSo wiGnS KWmhW RhMSo
BWyM2 BJ1iC BWyM2 Nbb6U kCdcu qchZ3 RnwlC TQZik wKKkJ bD2TR uQK8T KzS0e c17Qf
b4E7v G944F gwQSf b4E7v PpZP8 Q0oXi lJfgZ iy8Ty lcarA KB016 2Z0oU 1xx4U 015ql CT8M8 tEdSo 1SvIs VIl39 LBzlR
fhc2k fhc2k n9AEE O1QPI fr0Bd
L54Jg 8xyrX L54Jg adW6k HKgVO XDGuI 1OpM2 AGorf FW6DI tQXF5 dAx9s 4b2sA
0YoJb 4ORRk 0YoJb TtUXd 7J90B
P5ucv aiycm P5ucv
obqW1 obqW1 8tK4L DHhK9
x8KLa eDWES 1pNjr x8KLa
pesnn pesnn
nRTkO nRTkO
