Soda Irvine VictoryPoint SigmaKappa InternationalHouse Jupiter BerkeleyHillel Saturn Pomona Ashby Perris Upland Tijuana SanDiego SouthGate Tuxcacuesco Talpa Myto Tuhuamixtel TripleRock Tako MexicoCity Rasputin DKingGallery Cancun BAMPFA LosAngeles SantaBarbara Riverside FantasticComics Etcheverry Soda
29
Irvine Irvine
VictoryPoint VictoryPoint
SigmaKappa ChiOmega SigmaKappa
InternationalHouse DeltaDelta InternationalHouse Mars AlphaChi AlphaCentauri
Jupiter BerkeleyHigh Jupiter
BerkeleyHillel Venus BerkeleyHillel Gregoire
Saturn BayStreet SanBernardino Saturn
Pomona Emeryville Pomona
Ashby Compton Ashby
Perris Perris
Upland Fontana Upland
Tijuana Chino Tijuana
SanDiego SanMiguel SanDiego Whittier
SouthGate Jalisco SouthGate
Tuxcacuesco Guadalajara Tuxcacuesco
Talpa Talpa
Myto ElGrullo Myto
Tuhuamixtel Tuhuamixtel
TripleRock Kips TripleRock
Tako CREAM Tako
MexicoCity MexicoCity
Rasputin Rasputin
DKingGallery Tang DKingGallery
Cancun Cancun
BAMPFA BAMPFA
LosAngeles Platano LosAngeles CafeTibet
SantaBarbara ChezPanisse SantaBarbara
Riverside Riverside
FantasticComics FantasticComics
