Qwilfish Drampa Gengar Tauros Wailord Plusle Weezing Escavalier Weepinbell Lumineon Comfey Magnemite Yungoos Stufful Conkeldurr Zekrom Amoonguss Crawdaunt Woobat Tsareena Shellder Bastiodon Seaking Treecko Kakuna Honedge Wartortle Xerneas Jumpluff Metapod Whismur Bounsweet Froakie Dewpider Scatterbug Taillow Paras Vullaby Shellos Nincada Noibat Tornadus Politoed Lotad Skorupi Tropius Scatterbug Terrakion Scatterbug Tropius Qwilfish
47
Qwilfish Qwilfish
Drampa Drampa
Gengar Gengar
Tauros Tauros
Wailord Wailord
Plusle Plusle
Weezing Weezing
Escavalier Escavalier
Weepinbell Weepinbell
Lumineon Lumineon
Comfey Comfey
Magnemite Magnemite
Yungoos Yungoos
Stufful Stufful
Conkeldurr Conkeldurr
Zekrom Zekrom
Amoonguss Amoonguss
Crawdaunt Crawdaunt
Woobat Woobat
Tsareena Tsareena
Shellder Shellder
Bastiodon Bastiodon
Seaking Seaking
Treecko Treecko
Kakuna Kakuna
Honedge Honedge
Wartortle Wartortle
Xerneas Xerneas
Jumpluff Jumpluff
Metapod Metapod
Whismur Whismur
Bounsweet Bounsweet
Froakie Froakie
Dewpider Dewpider
Scatterbug Scatterbug
Taillow Taillow
Paras Paras
Vullaby Vullaby
Shellos Shellos
Nincada Nincada
Noibat Noibat
Tornadus Tornadus
Politoed Politoed
Lotad Lotad
Skorupi Skorupi Munna Swadloon Vespiquen Inkay Magmar Volcarona Steenee Metang Slurpuff Meloetta Porygon2 Sandile
Tropius Simisear Slowbro Tropius Drapion Phanpy Skiddo
Terrakion Terrakion
