A TA2412NN TA2312NN TA2212NN TA1912NN TA1812NN TA1112NN TA712NN TA1212NN TA912NN TA512NN TA412NN TA312NN TA112NN TA212N TA152N TA162N TA142N TA132N TA122N TA112N TA82N TA42N TA72N TA62N TA22N TA32N TA221 TA231 TA241 TA181 TA201 TA191 TA171 TA161 TA131 TA141 TA121 TA111 TA101 TA91 TA61 TA51 TA31 TB11 TA24 TA22 TA20 TA17 TA19 TA16 TA12 TA10 TA9 TA8 TA7 TA6 TA3 TA TA2 A
59
TA2412NN TA2412NN
TA2312NN TA2312NN
TA2212NN TA2212NN
TA1912NN TA2112NN TA1912NN
TA1812NN TA2012NN TA1812NN
TA1112NN TA1712NN TA1112NN TA1312NN TA1512NN
TA712NN TA1612NN TA1412NN TA712NN
TA1212NN TA1212NN
TA912NN TA1012NN TA912NN
TA512NN TA812NN TA512NN
TA412NN TA412NN
TA312NN TA612NN TA312NN
TA112NN TA212NN TA112NN TA12NN TA242N TA222N
TA212N TA232N TA212N TA182N
TA152N TA192N TA202N TA152N
TA162N TA162N
TA142N TA172N TA142N
TA132N TA132N
TA122N TA122N
TA112N TA112N
TA82N TA102N TA82N
TA42N TA92N TA42N
TA72N TA72N
TA62N TA62N
TA22N TA52N TA22N
TA32N TA32N
TA221 TA12N TA2N TA221
TA231 TA231
TA241 TA241
TA181 TA211 TA181
TA201 TA201
TA191 TA191
TA171 TA171
TA161 TA161
TA131 TA151 TA131
TA141 TA141
TA121 TA121
TA111 TA111
TA101 TA101
TA91 TA91
TA61 TA81 TA61
TA51 TA51
TA31 TA41 TA31
TB11 TA71 TB11
TA24 TB21 TB1 TA24
TA22 TA23 TA22
TA20 TA21 TA20
TA17 TA17
TA19 TA19
TA16 TA18 TA16 TA14 TA13 TA15
TA12 TA11 TA12
TA10 TA10
TA9 TA9
TA8 TA8
TA7 TA7
TA6 TA6
TA3 TA5 TA3
TA TA4 TA
TA2 TA2
