A TA241 TA211 TA201 TA181 TA171 TA161 TA131 TA101 TA91 TA111 TA81 TA31 TA61 TA51 TB1 TA41 TB11 TA22 TA23 TA21 TA20 TA17 TA13 TA12 TA11 TA9 TA8 TA6 TA10 TA2 TA A TA5 A
32
TA241 TA241
TA211 TA231 TA211 TA221
TA201 TA151 TA201
TA181 TA191 TA181
TA171 TA171
TA161 TA161
TA131 TA141 TA131
TA101 TA101
TA91 TA121 TA91
TA111 TA111
TA81 TA81
TA31 TA71 TA31
TA61 TA61
TA51 TA51
TB1 TB21 TB1
TA41 TA41
TB11 TB11
TA22 TA24 TA22
TA23 TA23
TA21 TA21
TA20 TA20
TA17 TA19 TA17 TA18 TA16 TA14
TA13 TA15 TA13
TA12 TA12
TA11 TA11
TA9 TA9
TA8 TA8
TA6 TA7 TA6
TA10 TA10
TA2 TA4 TA2 TA3
TA TA
TA5 TA5
