loc0 loc197 loc5 loc2 loc3 loc13 loc18 loc11 loc184 loc186 loc169 loc181 loc176 loc171 loc155 loc154 loc142 loc126 loc117 loc105 loc93 loc89 loc84 loc78 loc64 loc68 loc55 loc51 loc49 loc53 loc31 loc28 loc16 loc37 loc0
32
loc197 loc197 loc9
loc5 loc5
loc2 loc8 loc2
loc3 loc7 loc3
loc13 loc15 loc13 loc1 loc4
loc18 loc18
loc11 loc20 loc11 loc17
loc184 loc198 loc195 loc184
loc186 loc190 loc186 loc189 loc178
loc169 loc182 loc169
loc181 loc188 loc181
loc176 loc187 loc176
loc171 loc179 loc171 loc160 loc153 loc161
loc155 loc155
loc154 loc158 loc154 loc159 loc170 loc148 loc152 loc133 loc145
loc142 loc141 loc142 loc143 loc135 loc123
loc126 loc126
loc117 loc119 loc112 loc117 loc116 loc115
loc105 loc110 loc122 loc105 loc107 loc109 loc108 loc103
loc93 loc100 loc94 loc93 loc96 loc95
loc89 loc90 loc97 loc89
loc84 loc84 loc82 loc79
loc78 loc75 loc78 loc62 loc67
loc64 loc61 loc64 loc59
loc68 loc68 loc63
loc55 loc55
loc51 loc57 loc51
loc49 loc41 loc49
loc53 loc52 loc53 loc39 loc40 loc38
loc31 loc33 loc31
loc28 loc26 loc28 loc34 loc25
loc16 loc43 loc23 loc16
