1 100 121 100 111 22 35 100 93 100 27 100 32 100 127 100 43 117 119 178 100 183 100 191 100 30 8 68 1 100 45 100 101 100 97 99 100 19 100 180 171 54 159 100 131 76 100 177 164 100 186 100 170 84 100 182 100 60 100 142 100 21 158 100 192 100 1
41
100 0 49 137 136 57 74 55 10 28 36 138 44 38 148 113 63 25 163 155 16 196 3 12 18 77 194 15 31 160 193 86 88 150 199 80 189 105
121 50 121
111 59 111
22 22
35 35
93 157 93
27 26 27
32 29 32
127 172 127
43 83 43
117 117
119 119
178 178
183 195 183
191 129 191
30 174 30
8 8
68 68
1 1
45 188 45
101 141 101
97 115 97
99 99
19 82 19
180 175 180
171 171
54 54
159 159
131 56 131
76 76
177 153 177
164 164
186 24 186
170 89 170
84 84
182 124 182
60 125 60
142 134 142
21 151 21
158 158
192 192
