L55 L6 L7 L10 L2 L199 L195 L193 L177 L165 L168 L159 L160 L138 L134 L129 L127 L112 L104 L108 L102 L95 L93 L90 L73 L67 L64 L55 L54 L47 L38 L31 L30 L23 L22 L16 L2 L15 L55
36
L6 L0 L4 L6
L7 L7
L10 L8 L10
L2 L2
L199 L199 L196
L195 L195
L193 L193 L190 L189 L191 L185
L177 L186 L182 L177 L184 L178
L165 L174 L170 L165
L168 L168 L167 L166
L159 L158 L159
L160 L160 L152 L145 L142 L143 L144
L138 L141 L139 L138
L134 L136 L134 L133 L132
L129 L131 L129
L127 L127 L121 L119
L112 L117 L112 L114
L104 L115 L104
L108 L108
L102 L103 L102 L101 L105
L95 L99 L96 L95
L93 L93
L90 L94 L90 L89 L87 L82 L76
L73 L74 L73 L68 L71 L70 L69
L67 L67
L64 L64 L59
L55 L55 L56 L53
L54 L54 L50
L47 L47 L42 L37 L41 L43
L38 L45 L38
L31 L34 L31 L33 L35
L30 L36 L30
L23 L23
L22 L24 L22
L16 L20 L19 L16
L15 L15
