L11 L195 L190 L189 L184 L173 L150 L137 L125 L130 L128 L118 L113 L115 L114 L110 L103 L102 L100 L90 L74 L65 L46 L32 L30 L22 L9 L14 L8 L7 L11
29
L195 L198 L197 L195 L193
L190 L190
L189 L192 L189 L188 L191 L187 L181 L179
L184 L180 L184 L177
L173 L175 L173 L168 L169 L160 L155 L154
L150 L161 L150 L146 L147 L145 L141
L137 L134 L139 L137
L125 L136 L131 L125 L132
L130 L130
L128 L128 L120
L118 L121 L124 L118
L113 L113
L115 L119 L115
L114 L114
L110 L112 L110 L106
L103 L109 L103 L104 L96
L102 L102
L100 L101 L100 L99 L91
L90 L89 L93 L90 L87 L88 L86 L84 L85 L75
L74 L79 L76 L74 L72 L70 L66
L65 L65 L69 L64 L62 L58 L54 L53
L46 L48 L46 L43
L32 L40 L42 L32 L31
L30 L29 L30 L27 L28 L23
L22 L22 L19
L9 L16 L9
L14 L14 L10
L8 L8
L7 L7
