stop0 stop160 stop158 stop146 stop143 stop122 stop118 stop116 stop112 stop109 stop101 stop100 stop93 stop92 stop90 stop78 stop68 stop63 stop61 stop56 stop50 stop47 stop46 stop40 stop30 stop29 stop28 stop18 stop17 stop16 stop15 stop14 stop11 stop4 stop1 stop2 stop0
35
stop0 stop0 stop168 stop167
stop160 stop163 stop161 stop160
stop158 stop159 stop158 stop156
stop146 stop149 stop147 stop146
stop143 stop144 stop143 stop142 stop139 stop138 stop131 stop128 stop127
stop122 stop125 stop123 stop122
stop118 stop118
stop116 stop116
stop112 stop113 stop112
stop109 stop110 stop109 stop107 stop106 stop105 stop104
stop101 stop102 stop101
stop100 stop100
stop93 stop99 stop93
stop92 stop92
stop90 stop91 stop90 stop88 stop84 stop82 stop81
stop78 stop79 stop78 stop74 stop73 stop71
stop68 stop69 stop68
stop63 stop63
stop61 stop62 stop61 stop60
stop56 stop59 stop57 stop56
stop50 stop51 stop50
stop47 stop47
stop46 stop46
stop40 stop44 stop42 stop40 stop39 stop35
stop30 stop30
stop29 stop29
stop28 stop28 stop27 stop26
stop18 stop24 stop19 stop18
stop17 stop17
stop16 stop16
stop15 stop15
stop14 stop14
stop11 stop13 stop11 stop10 stop8
stop4 stop4
stop2 stop2
