stop0 stop105 stop108 stop124 stop144 stop113 stop122 stop163 stop129 stop115 stop101 stop147 stop158 stop161 stop166 stop100 stop133 stop99 stop89 stop69 stop59 stop56 stop55 stop54 stop52 stop51 stop48 stop44 stop43 stop41 stop38 stop37 stop8 stop6 stop3 stop2 stop1 stop0
37
stop0 stop0
stop105 stop105
stop108 stop169 stop108
stop124 stop121 stop124 stop127 stop141
stop144 stop128 stop144
stop113 stop149 stop113
stop122 stop159 stop122
stop163 stop139 stop163 stop117 stop138 stop116
stop129 stop167 stop129 stop140 stop156
stop115 stop160 stop115 stop112
stop101 stop137 stop101
stop147 stop154 stop147 stop143
stop158 stop102 stop158
stop161 stop118 stop161
stop166 stop166
stop100 stop135 stop100
stop133 stop145 stop133
stop99 stop99 stop98
stop89 stop97 stop92 stop89 stop88 stop82 stop77 stop76 stop75
stop69 stop72 stop70 stop69 stop68 stop67 stop63
stop59 stop59
stop56 stop57 stop56
stop55 stop55
stop54 stop54
stop52 stop52
stop51 stop51 stop50
stop48 stop48
stop44 stop47 stop44
stop43 stop43
stop41 stop41
stop38 stop38
stop37 stop37 stop36 stop33 stop23 stop16 stop14 stop13 stop10
stop8 stop9 stop8
stop6 stop7 stop6
stop3 stop3
stop2 stop2
stop1 stop1
