0 5 0 6 22 30 35 43 57 59 67 71 77 84 97 100 104 105 102 110 116 132 168 172 175 182 188 195 0 196 0
28
0 0
5 3 5
6 8 6 10 19 14
22 20 21 22 23 24
30 26 25 30
35 32 35 37 39 40 38 42
43 41 43 48 52 51 53 56
57 58 57
59 59 60 55 64 62
67 66 67 68 65
71 72 70 71
77 78 77 81
84 76 83 84 86 85 88 93
97 96 97
100 100
104 103 104
105 105
102 107 102
110 110
116 109 114 116 115 121 113 119 125
132 126 134 132 146 144 148 151 159 162 166 160 163
168 169 168
172 171 172 173 174 176 183
175 175
182 182
188 185 188 187 190 191
195 195
196 196
