Albania SaintKitts Ethiopia TrinidadTobago Paraguay Gabon MountAthos Israel Romania Germany Djibouti NorthKorea Bulgaria Kiribati America Peru Guatemala Chile CentralAfricanRep Lithuania Poland Mali Kazakhstan Cambodia Laos Australia Brunei Albania
24
SaintKitts SaintKitts
Ethiopia Ethiopia
Paraguay Latvia Burkina Paraguay
Gabon Venezuela Vanuatu Gabon Comoros Mauritius Pakistan Fiji
MountAthos SaintLucia Estonia MountAthos
Israel Luxembourg Israel Burma
Romania Finland VaticanCity Romania Qatar Rwanda Mauritania CapeVerde Norway
Germany Liechtenstein Germany France RussianFederation Panama
Djibouti SaoTomPrincipe Djibouti Tunisia EquatorGuinea Bahamas
NorthKorea UAE SriLanka NorthKorea
Bulgaria IvoryCoast Bulgaria Niger
Kiribati Thailand Kiribati Cyprus Yemen Eritrea
America Newfoundland America SierraLeone
Peru Peru
Guatemala Kosovo Guatemala BosHerzegovina
Chile Chile Maldives
CentralAfricanRep Bhutan CentralAfricanRep Dominica Danzig
Lithuania Ukraine Lithuania Suriname Togo SolomonIslands Algeria
Poland Seychelles Poland PapuaNewGuinea Greece Portugal Rome Grenada Tanzania Cuba Mongolia Serbia Argentina Italy NewZealand SaudiArabia TheGambia Lesotho Jamaica Switzerland Hungary
Mali Belarus Mali Japan Brazil Andorra
Kazakhstan Nepal Kazakhstan Philippines UnitedKingdom Malaysia
Cambodia Cambodia
Laos Laos
Australia Australia
