loc0 loc99 loc96 loc92 loc89 loc84 loc81 loc73 loc70 loc63 loc60 loc56 loc53 loc48 loc45 loc41 loc38 loc32 loc29 loc25 loc22 loc17 loc14 loc10 loc9 loc7 loc0
25
loc99 loc99
loc96 loc98 loc96 loc95
loc92 loc92
loc89 loc91 loc89 loc88
loc84 loc84
loc81 loc83 loc81 loc80 loc77 loc76
loc73 loc73
loc70 loc72 loc70 loc69
loc63 loc63
loc60 loc62 loc60 loc59
loc56 loc56
loc53 loc55 loc53 loc52
loc48 loc48
loc45 loc47 loc45 loc44
loc41 loc41
loc38 loc40 loc38 loc37
loc32 loc32
loc29 loc31 loc29 loc28
loc25 loc25
loc22 loc24 loc22 loc21
loc17 loc17
loc14 loc16 loc14 loc13
loc10 loc10
loc9 loc9
loc7 loc7
